<?xml version="1.0" encoding="UTF-8"?>
<!-- Generated by org.testng.reporters.JUnitReportReporter -->
<testsuite skipped="0" hostname="Alkesh" name="testcases.SimpleTest" tests="1" failures="0" timestamp="2021-08-30T19:55:51 IST" time="0.009" errors="0">
  <testcase name="method" time="0.009" classname="testcases.SimpleTest"/>
  <system-out/>
</testsuite> <!-- testcases.SimpleTest -->
